POST /login 200 69 - 273.617 ms
GET /profile/laptopprofilepage/getdetails 200 475 - 255.220 ms
POST /login 200 69 - 247.930 ms Mon, 19 Feb 2024 18:37:38 GMT
POST /login 200 69 - 382.875 ms Tue, 20 Feb 2024 16:37:15 GMT
POST /login 200 69 - 430.319 ms Tue, 20 Feb 2024 16:55:10 GMT
POST /login 200 69 - 331.200 ms Wed, 21 Feb 2024 17:24:46 GMT
POST /home 200 4257 - 3750.773 ms Wed, 21 Feb 2024 17:40:33 GMT
POST /home 200 4257 - 2294.368 ms Wed, 21 Feb 2024 17:42:37 GMT
POST /home 200 4257 - 2543.956 ms Wed, 21 Feb 2024 17:42:55 GMT
POST /home 200 4257 - 3195.978 ms Wed, 21 Feb 2024 18:40:25 GMT
POST /home 200 4257 - 2071.711 ms Wed, 21 Feb 2024 18:40:36 GMT
POST /home 200 4257 - 1989.026 ms Wed, 21 Feb 2024 18:41:06 GMT
POST /home 200 4257 - 1999.453 ms Wed, 21 Feb 2024 18:41:10 GMT
POST /home 200 2157 - 1276.995 ms Wed, 21 Feb 2024 18:42:34 GMT
POST /home 200 15 - 221.911 ms Wed, 21 Feb 2024 18:43:07 GMT
POST /home 200 4257 - 2021.877 ms Wed, 21 Feb 2024 18:43:46 GMT
POST /home 200 4257 - 2247.334 ms Wed, 21 Feb 2024 18:45:20 GMT
POST /home 200 4257 - 1989.118 ms Wed, 21 Feb 2024 18:47:36 GMT
POST /home 200 4244 - 1555.438 ms Wed, 21 Feb 2024 18:48:29 GMT
POST /home 200 4257 - 2853.767 ms Wed, 21 Feb 2024 18:54:17 GMT
POST /home 200 4257 - 3061.569 ms Wed, 21 Feb 2024 18:55:58 GMT
POST /home 200 4257 - 7004.688 ms Wed, 21 Feb 2024 18:56:05 GMT
POST /home 200 4257 - 4240.391 ms Wed, 21 Feb 2024 18:56:13 GMT
POST /home 200 4257 - 3147.515 ms Wed, 21 Feb 2024 18:56:19 GMT
POST /home 200 4257 - 3710.945 ms Wed, 21 Feb 2024 18:56:21 GMT
POST /home 200 4257 - 2937.283 ms Wed, 21 Feb 2024 18:56:42 GMT
POST /home 200 4257 - 2677.834 ms Wed, 21 Feb 2024 18:56:43 GMT
POST /home 200 4257 - 4128.175 ms Wed, 21 Feb 2024 18:56:48 GMT
POST /home 200 4257 - 4759.086 ms Wed, 21 Feb 2024 18:56:56 GMT
POST /home 200 4257 - 4242.247 ms Wed, 21 Feb 2024 18:57:36 GMT
POST /home 200 4257 - 3222.913 ms Wed, 21 Feb 2024 18:58:00 GMT
POST /home 200 4257 - 4065.371 ms Wed, 21 Feb 2024 18:58:02 GMT
POST /home 200 4257 - 3713.051 ms Wed, 21 Feb 2024 18:59:12 GMT
POST /home 200 4257 - 2420.128 ms Wed, 21 Feb 2024 18:59:14 GMT
POST /home 200 4257 - 2025.858 ms Wed, 21 Feb 2024 18:59:15 GMT
POST /home 200 4257 - 2730.046 ms Wed, 21 Feb 2024 18:59:17 GMT
POST /home 200 4257 - 1991.409 ms Wed, 21 Feb 2024 18:59:19 GMT
POST /home 200 4257 - 4274.585 ms Wed, 21 Feb 2024 18:59:27 GMT
GET /usertheatreprofile?treff=SAYSTheatreTIRUMALA@gmail.com 200 1167 - 854.189 ms Wed, 21 Feb 2024 18:59:50 GMT
POST /home 200 4257 - 2280.190 ms Wed, 21 Feb 2024 19:00:12 GMT
POST /home 200 4257 - 2996.302 ms Wed, 21 Feb 2024 19:00:37 GMT
POST /home 200 4257 - 4235.475 ms Wed, 21 Feb 2024 19:00:41 GMT
POST /home 200 4257 - 3783.445 ms Wed, 21 Feb 2024 19:00:44 GMT
GET /profile/laptopprofilepage/getdetails 200 475 - 1493.191 ms Wed, 21 Feb 2024 19:46:07 GMT
GET /profile/laptopprofilepage/getdetails 200 475 - 232.155 ms Wed, 21 Feb 2024 19:46:07 GMT
GET /profile/laptopprofilepage/getdetails 200 475 - 2407.338 ms Wed, 21 Feb 2024 19:52:10 GMT
GET /profile/laptopprofilepage/getdetails 200 475 - 260.452 ms Wed, 21 Feb 2024 19:52:10 GMT
GET /profile/laptopprofilepage/getdetails 200 475 - 363.067 ms Wed, 21 Feb 2024 19:52:34 GMT
GET /profile/laptopprofilepage/getdetails 200 475 - 296.674 ms Wed, 21 Feb 2024 19:52:38 GMT
GET /profile/laptopprofilepage/getdetails 200 475 - 315.808 ms Wed, 21 Feb 2024 19:52:40 GMT
GET /profile/laptopprofilepage/getdetails 200 475 - 560.704 ms Wed, 21 Feb 2024 19:52:57 GMT
GET /profile/laptopprofilepage/getdetails 200 475 - 249.712 ms Wed, 21 Feb 2024 19:54:40 GMT
GET /profile/laptopprofilepage/getdetails 200 475 - 446.818 ms Wed, 21 Feb 2024 19:54:46 GMT
GET /profile/laptopprofilepage/getdetails 200 475 - 347.400 ms Wed, 21 Feb 2024 19:55:14 GMT
GET /profile/laptopprofilepage/getdetails 200 475 - 461.258 ms Wed, 21 Feb 2024 19:56:06 GMT
GET /profile/laptopprofilepage/getdetails 200 475 - 417.249 ms Wed, 21 Feb 2024 19:56:41 GMT
GET /profile/laptopprofilepage/getdetails 200 475 - 464.994 ms Wed, 21 Feb 2024 19:57:08 GMT
GET /profile/laptopprofilepage/getdetails 200 475 - 246.001 ms Wed, 21 Feb 2024 19:57:12 GMT
GET /profile/laptopprofilepage/getdetails 200 475 - 292.283 ms Wed, 21 Feb 2024 19:57:14 GMT
GET /profile/laptopprofilepage/getdetails 200 475 - 541.398 ms Wed, 21 Feb 2024 19:57:19 GMT
GET /profile/laptopprofilepage/getdetails 200 475 - 291.061 ms Wed, 21 Feb 2024 19:57:20 GMT
GET /profile/laptopprofilepage/getdetails 200 475 - 565.847 ms Wed, 21 Feb 2024 19:58:28 GMT
GET /profile/laptopprofilepage/getdetails 200 475 - 256.121 ms Wed, 21 Feb 2024 19:58:52 GMT
GET /profile/laptopprofilepage/getdetails 200 475 - 755.139 ms Wed, 21 Feb 2024 19:59:13 GMT
GET /profile/laptopprofilepage/getdetails 200 475 - 356.687 ms Wed, 21 Feb 2024 19:59:17 GMT
GET /profile/laptopprofilepage/getdetails 200 475 - 362.581 ms Wed, 21 Feb 2024 19:59:26 GMT
GET /profile/laptopprofilepage/getdetails 200 475 - 303.692 ms Wed, 21 Feb 2024 19:59:49 GMT
GET /profile/laptopprofilepage/getdetails 200 475 - 332.017 ms Wed, 21 Feb 2024 19:59:51 GMT
GET /profile/laptopprofilepage/getdetails 200 475 - 640.023 ms Wed, 21 Feb 2024 19:59:58 GMT
GET /profile/laptopprofilepage/getdetails 200 475 - 552.321 ms Wed, 21 Feb 2024 20:00:15 GMT
GET /profile/laptopprofilepage/getdetails 200 475 - 515.406 ms Wed, 21 Feb 2024 20:00:20 GMT
GET /profile/laptopprofilepage/getdetails 200 475 - 618.007 ms Wed, 21 Feb 2024 20:00:22 GMT
GET /profile/laptopprofilepage/getdetails 200 475 - 660.195 ms Wed, 21 Feb 2024 20:00:49 GMT
GET /profile/laptopprofilepage/getdetails 200 475 - 556.790 ms Wed, 21 Feb 2024 20:00:53 GMT
GET /profile/laptopprofilepage/getdetails 200 475 - 678.952 ms Wed, 21 Feb 2024 20:00:56 GMT
GET /profile/laptopprofilepage/getdetails 200 475 - 622.870 ms Wed, 21 Feb 2024 20:01:09 GMT
GET /profile/laptopprofilepage/getdetails 200 475 - 254.183 ms Wed, 21 Feb 2024 20:01:11 GMT
GET /profile/laptopprofilepage/getdetails 200 475 - 657.092 ms Wed, 21 Feb 2024 20:07:13 GMT
GET /profile/laptopprofilepage/getdetails 200 475 - 357.376 ms Wed, 21 Feb 2024 20:07:21 GMT
GET /profile/laptopprofilepage/getdetails 200 475 - 281.762 ms Wed, 21 Feb 2024 20:07:23 GMT
GET /profile/laptopprofilepage/getdetails 200 475 - 245.066 ms Wed, 21 Feb 2024 20:07:26 GMT
GET /profile/laptopprofilepage/getdetails 200 475 - 484.690 ms Wed, 21 Feb 2024 20:07:35 GMT
GET /profile/laptopprofilepage/getdetails 200 475 - 529.230 ms Wed, 21 Feb 2024 20:07:38 GMT
GET /profile/laptopprofilepage/getdetails 200 475 - 293.203 ms Wed, 21 Feb 2024 20:07:53 GMT
GET /profile/laptopprofilepage/getdetails 200 475 - 526.389 ms Wed, 21 Feb 2024 20:07:55 GMT
GET /profile/laptopprofilepage/getdetails 200 475 - 622.445 ms Wed, 21 Feb 2024 20:08:06 GMT
GET /profile/laptopprofilepage/getdetails 200 475 - 519.931 ms Wed, 21 Feb 2024 20:08:11 GMT
GET /profile/laptopprofilepage/getdetails 200 475 - 338.573 ms Wed, 21 Feb 2024 20:08:20 GMT
GET /profile/laptopprofilepage/getdetails 200 475 - 397.817 ms Wed, 21 Feb 2024 20:08:29 GMT
GET /profile/laptopprofilepage/getdetails 200 475 - 515.714 ms Wed, 21 Feb 2024 20:08:32 GMT
GET /profile/laptopprofilepage/getdetails 200 475 - 854.183 ms Wed, 21 Feb 2024 20:08:49 GMT
GET /profile/laptopprofilepage/getdetails 200 475 - 267.608 ms Wed, 21 Feb 2024 20:08:50 GMT
GET /profile/laptopprofilepage/getdetails 200 475 - 765.277 ms Wed, 21 Feb 2024 20:08:51 GMT
GET /profile/laptopprofilepage/getdetails 200 475 - 312.241 ms Wed, 21 Feb 2024 20:08:53 GMT
GET /profile/laptopprofilepage/getdetails 200 475 - 1270.986 ms Wed, 21 Feb 2024 20:09:08 GMT
GET /profile/laptopprofilepage/getdetails 200 475 - 418.811 ms Wed, 21 Feb 2024 20:09:10 GMT
GET /profile/laptopprofilepage/getdetails 200 475 - 248.745 ms Wed, 21 Feb 2024 20:09:53 GMT
GET /profile/laptopprofilepage/getdetails 200 475 - 610.586 ms Wed, 21 Feb 2024 20:09:55 GMT
GET /profile/laptopprofilepage/getdetails 200 475 - 1468.443 ms Wed, 21 Feb 2024 20:10:06 GMT
GET /profile/laptopprofilepage/getdetails 200 475 - 297.627 ms Wed, 21 Feb 2024 20:10:07 GMT
GET /profile/laptopprofilepage/getdetails 200 475 - 494.362 ms Wed, 21 Feb 2024 20:10:14 GMT
GET /profile/laptopprofilepage/getdetails 200 475 - 792.302 ms Wed, 21 Feb 2024 20:12:43 GMT
GET /profile/laptopprofilepage/getdetails 200 475 - 606.326 ms Wed, 21 Feb 2024 20:12:47 GMT
GET /profile/laptopprofilepage/getdetails 200 475 - 40418.218 ms Thu, 22 Feb 2024 04:44:53 GMT
POST /login 200 69 - 590.758 ms Thu, 22 Feb 2024 04:45:11 GMT
POST /home 200 4257 - 4640.117 ms Thu, 22 Feb 2024 04:45:15 GMT
GET /profile/laptopprofilepage/getdetails 200 475 - 1227.309 ms Thu, 22 Feb 2024 04:45:18 GMT
GET /profile/laptopprofilepage/getdetails 200 475 - 441.821 ms Thu, 22 Feb 2024 04:45:24 GMT
POST /home - - - - ms Thu, 22 Feb 2024 07:43:39 GMT
POST /home - - - - ms Thu, 22 Feb 2024 09:10:37 GMT
POST /login 200 69 - 348.236 ms Thu, 22 Feb 2024 09:21:55 GMT
POST /ome 404 143 - 2.080 ms Thu, 22 Feb 2024 09:21:55 GMT
POST /home - - - - ms Thu, 22 Feb 2024 09:22:27 GMT
POST /home 200 4257 - 4417.533 ms Thu, 22 Feb 2024 09:22:33 GMT
POST /home 200 4244 - 2748.989 ms Thu, 22 Feb 2024 09:22:44 GMT
GET /usertheatreprofile?treff=SAYSTheatrePVN@gmail.com 200 1145 - 635.023 ms Thu, 22 Feb 2024 09:22:49 GMT
POST /home 200 4257 - 3026.306 ms Thu, 22 Feb 2024 09:22:56 GMT
POST /ome 404 143 - 0.716 ms Thu, 22 Feb 2024 09:27:05 GMT
POST /ome 404 143 - 0.340 ms Thu, 22 Feb 2024 09:27:09 GMT
POST /home - - - - ms Thu, 22 Feb 2024 09:27:24 GMT
POST /home 200 4257 - 3474.211 ms Thu, 22 Feb 2024 09:27:28 GMT
POST /home 200 4257 - 10016.071 ms Thu, 22 Feb 2024 09:36:37 GMT
POST /home 200 4257 - 6773.447 ms Thu, 22 Feb 2024 14:19:58 GMT
POST /login 200 69 - 353.003 ms Thu, 22 Feb 2024 14:26:39 GMT
POST /home 200 4257 - 4189.000 ms Thu, 22 Feb 2024 14:39:22 GMT
POST /home 500 28 - 12.452 ms Thu, 22 Feb 2024 14:39:37 GMT
POST /home 200 4257 - 2493.881 ms Thu, 22 Feb 2024 14:41:33 GMT
POST /home 500 28 - 6.075 ms Thu, 22 Feb 2024 14:43:10 GMT
POST /home 500 28 - 7.342 ms Thu, 22 Feb 2024 14:43:58 GMT
POST /home 500 28 - 8.493 ms Thu, 22 Feb 2024 14:46:40 GMT
POST /home 500 28 - 6.607 ms Thu, 22 Feb 2024 14:47:06 GMT
POST /home 500 28 - 20.360 ms Thu, 22 Feb 2024 14:48:00 GMT
POST /home 200 4257 - 2603.798 ms Thu, 22 Feb 2024 14:49:04 GMT
